  hdllmain.cpp
     Создается библиотека C:\Users\Home\Documents\GitHub\projects\hxdiscord_gamesdk\hdll\x64\Debug\discord.lib и объект C:\Users\Home\Documents\GitHub\projects\hxdiscord_gamesdk\hdll\x64\Debug\discord.exp
hdllmain.obj : error LNK2019: ссылка на неразрешенный внешний символ "public: void __cdecl discord::ActivityTimestamps::SetStart(__int64)" (?SetStart@ActivityTimestamps@discord@@QEAAX_J@Z) в функции discord_updateActivity.
hdllmain.obj : error LNK2019: ссылка на неразрешенный внешний символ "public: void __cdecl discord::ActivityTimestamps::SetEnd(__int64)" (?SetEnd@ActivityTimestamps@discord@@QEAAX_J@Z) в функции discord_updateActivity.
hdllmain.obj : error LNK2019: ссылка на неразрешенный внешний символ "public: void __cdecl discord::ActivityAssets::SetLargeImage(char const *)" (?SetLargeImage@ActivityAssets@discord@@QEAAXPEBD@Z) в функции discord_updateActivity.
hdllmain.obj : error LNK2019: ссылка на неразрешенный внешний символ "public: void __cdecl discord::ActivityAssets::SetLargeText(char const *)" (?SetLargeText@ActivityAssets@discord@@QEAAXPEBD@Z) в функции discord_updateActivity.
hdllmain.obj : error LNK2019: ссылка на неразрешенный внешний символ "public: void __cdecl discord::ActivityAssets::SetSmallImage(char const *)" (?SetSmallImage@ActivityAssets@discord@@QEAAXPEBD@Z) в функции discord_updateActivity.
hdllmain.obj : error LNK2019: ссылка на неразрешенный внешний символ "public: void __cdecl discord::ActivityAssets::SetSmallText(char const *)" (?SetSmallText@ActivityAssets@discord@@QEAAXPEBD@Z) в функции discord_updateActivity.
hdllmain.obj : error LNK2019: ссылка на неразрешенный внешний символ "public: void __cdecl discord::PartySize::SetCurrentSize(int)" (?SetCurrentSize@PartySize@discord@@QEAAXH@Z) в функции discord_updateActivity.
hdllmain.obj : error LNK2019: ссылка на неразрешенный внешний символ "public: void __cdecl discord::PartySize::SetMaxSize(int)" (?SetMaxSize@PartySize@discord@@QEAAXH@Z) в функции discord_updateActivity.
hdllmain.obj : error LNK2019: ссылка на неразрешенный внешний символ "public: void __cdecl discord::ActivityParty::SetId(char const *)" (?SetId@ActivityParty@discord@@QEAAXPEBD@Z) в функции discord_updateActivity.
hdllmain.obj : error LNK2019: ссылка на неразрешенный внешний символ "public: class discord::PartySize & __cdecl discord::ActivityParty::GetSize(void)" (?GetSize@ActivityParty@discord@@QEAAAEAVPartySize@2@XZ) в функции discord_updateActivity.
hdllmain.obj : error LNK2019: ссылка на неразрешенный внешний символ "public: void __cdecl discord::ActivityParty::SetPrivacy(enum discord::ActivityPartyPrivacy)" (?SetPrivacy@ActivityParty@discord@@QEAAXW4ActivityPartyPrivacy@2@@Z) в функции discord_updateActivity.
hdllmain.obj : error LNK2019: ссылка на неразрешенный внешний символ "public: void __cdecl discord::ActivitySecrets::SetMatch(char const *)" (?SetMatch@ActivitySecrets@discord@@QEAAXPEBD@Z) в функции discord_updateActivity.
hdllmain.obj : error LNK2019: ссылка на неразрешенный внешний символ "public: void __cdecl discord::ActivitySecrets::SetJoin(char const *)" (?SetJoin@ActivitySecrets@discord@@QEAAXPEBD@Z) в функции discord_updateActivity.
hdllmain.obj : error LNK2019: ссылка на неразрешенный внешний символ "public: void __cdecl discord::ActivitySecrets::SetSpectate(char const *)" (?SetSpectate@ActivitySecrets@discord@@QEAAXPEBD@Z) в функции discord_updateActivity.
hdllmain.obj : error LNK2019: ссылка на неразрешенный внешний символ "public: void __cdecl discord::Activity::SetType(enum discord::ActivityType)" (?SetType@Activity@discord@@QEAAXW4ActivityType@2@@Z) в функции discord_updateActivity.
hdllmain.obj : error LNK2019: ссылка на неразрешенный внешний символ "public: void __cdecl discord::Activity::SetApplicationId(__int64)" (?SetApplicationId@Activity@discord@@QEAAX_J@Z) в функции discord_updateActivity.
hdllmain.obj : error LNK2019: ссылка на неразрешенный внешний символ "public: void __cdecl discord::Activity::SetName(char const *)" (?SetName@Activity@discord@@QEAAXPEBD@Z) в функции discord_updateActivity.
hdllmain.obj : error LNK2019: ссылка на неразрешенный внешний символ "public: void __cdecl discord::Activity::SetState(char const *)" (?SetState@Activity@discord@@QEAAXPEBD@Z) в функции discord_updateActivity.
hdllmain.obj : error LNK2019: ссылка на неразрешенный внешний символ "public: void __cdecl discord::Activity::SetDetails(char const *)" (?SetDetails@Activity@discord@@QEAAXPEBD@Z) в функции discord_updateActivity.
hdllmain.obj : error LNK2019: ссылка на неразрешенный внешний символ "public: class discord::ActivityTimestamps & __cdecl discord::Activity::GetTimestamps(void)" (?GetTimestamps@Activity@discord@@QEAAAEAVActivityTimestamps@2@XZ) в функции discord_updateActivity.
hdllmain.obj : error LNK2019: ссылка на неразрешенный внешний символ "public: class discord::ActivityAssets & __cdecl discord::Activity::GetAssets(void)" (?GetAssets@Activity@discord@@QEAAAEAVActivityAssets@2@XZ) в функции discord_updateActivity.
hdllmain.obj : error LNK2019: ссылка на неразрешенный внешний символ "public: class discord::ActivityParty & __cdecl discord::Activity::GetParty(void)" (?GetParty@Activity@discord@@QEAAAEAVActivityParty@2@XZ) в функции discord_updateActivity.
hdllmain.obj : error LNK2019: ссылка на неразрешенный внешний символ "public: class discord::ActivitySecrets & __cdecl discord::Activity::GetSecrets(void)" (?GetSecrets@Activity@discord@@QEAAAEAVActivitySecrets@2@XZ) в функции discord_updateActivity.
hdllmain.obj : error LNK2019: ссылка на неразрешенный внешний символ "public: void __cdecl discord::Activity::SetInstance(bool)" (?SetInstance@Activity@discord@@QEAAX_N@Z) в функции discord_updateActivity.
hdllmain.obj : error LNK2019: ссылка на неразрешенный внешний символ "public: void __cdecl discord::Activity::SetSupportedPlatforms(unsigned int)" (?SetSupportedPlatforms@Activity@discord@@QEAAXI@Z) в функции discord_updateActivity.
hdllmain.obj : error LNK2019: ссылка на неразрешенный внешний символ "public: enum discord::Result __cdecl discord::ActivityManager::RegisterCommand(char const *)" (?RegisterCommand@ActivityManager@discord@@QEAA?AW4Result@2@PEBD@Z) в функции discord_registerCommand.
hdllmain.obj : error LNK2019: ссылка на неразрешенный внешний символ "public: enum discord::Result __cdecl discord::ActivityManager::RegisterSteam(unsigned int)" (?RegisterSteam@ActivityManager@discord@@QEAA?AW4Result@2@I@Z) в функции discord_registerSteam.
hdllmain.obj : error LNK2019: ссылка на неразрешенный внешний символ "public: void __cdecl discord::ActivityManager::UpdateActivity(class discord::Activity const &,class std::function<void __cdecl(enum discord::Result)>)" (?UpdateActivity@ActivityManager@discord@@QEAAXAEBVActivity@2@V?$function@$$A6AXW4Result@discord@@@Z@std@@@Z) в функции discord_updateActivity.
hdllmain.obj : error LNK2019: ссылка на неразрешенный внешний символ "public: static enum discord::Result __cdecl discord::Core::Create(__int64,unsigned __int64,class discord::Core * *)" (?Create@Core@discord@@SA?AW4Result@2@_J_KPEAPEAV12@@Z) в функции discord_create.
hdllmain.obj : error LNK2019: ссылка на неразрешенный внешний символ "public: enum discord::Result __cdecl discord::Core::RunCallbacks(void)" (?RunCallbacks@Core@discord@@QEAA?AW4Result@2@XZ) в функции discord_runCallbacks.
hdllmain.obj : error LNK2019: ссылка на неразрешенный внешний символ "public: class discord::ActivityManager & __cdecl discord::Core::ActivityManager(void)" (?ActivityManager@Core@discord@@QEAAAEAV02@XZ) в функции discord_registerCommand.
C:\Users\Home\Documents\GitHub\projects\hxdiscord_gamesdk\hdll\x64\Debug\discord.hdll : fatal error LNK1120: неразрешенных внешних элементов: 31
